This is pdfTeX, Version 3.14159265-2.6-1.40.18 (TeX Live 2017) (preloaded format=pdflatex 2017.5.23)  22 APR 2018 01:27
entering extended mode
 restricted \write18 enabled.
 file:line:error style messages enabled.
 %&-line parsing enabled.
**Proj_Chatterjee_Saptarshi.tex
(./Proj_Chatterjee_Saptarshi.tex
LaTeX2e <2017-04-15>
Babel <3.10> and hyphenation patterns for 84 language(s) loaded.
(/usr/local/texlive/2017/texmf-dist/tex/latex/base/article.cls
Document Class: article 2014/09/29 v1.4h Standard LaTeX document class
(/usr/local/texlive/2017/texmf-dist/tex/latex/base/size10.clo
File: size10.clo 2014/09/29 v1.4h Standard LaTeX file (size option)
)
\c@part=\count79
\c@section=\count80
\c@subsection=\count81
\c@subsubsection=\count82
\c@paragraph=\count83
\c@subparagraph=\count84
\c@figure=\count85
\c@table=\count86
\abovecaptionskip=\skip41
\belowcaptionskip=\skip42
\bibindent=\dimen102
)
(/usr/local/texlive/2017/texmf-dist/tex/latex/geometry/geometry.sty
Package: geometry 2010/09/12 v5.6 Page Geometry

(/usr/local/texlive/2017/texmf-dist/tex/latex/graphics/keyval.sty
Package: keyval 2014/10/28 v1.15 key=value parser (DPC)
\KV@toks@=\toks14
)
(/usr/local/texlive/2017/texmf-dist/tex/generic/oberdiek/ifpdf.sty
Package: ifpdf 2017/03/15 v3.2 Provides the ifpdf switch
)
(/usr/local/texlive/2017/texmf-dist/tex/generic/oberdiek/ifvtex.sty
Package: ifvtex 2016/05/16 v1.6 Detect VTeX and its facilities (HO)
Package ifvtex Info: VTeX not detected.
)
(/usr/local/texlive/2017/texmf-dist/tex/generic/ifxetex/ifxetex.sty
Package: ifxetex 2010/09/12 v0.6 Provides ifxetex conditional
)
\Gm@cnth=\count87
\Gm@cntv=\count88
\c@Gm@tempcnt=\count89
\Gm@bindingoffset=\dimen103
\Gm@wd@mp=\dimen104
\Gm@odd@mp=\dimen105
\Gm@even@mp=\dimen106
\Gm@layoutwidth=\dimen107
\Gm@layoutheight=\dimen108
\Gm@layouthoffset=\dimen109
\Gm@layoutvoffset=\dimen110
\Gm@dimlist=\toks15
)
(/usr/local/texlive/2017/texmf-dist/tex/latex/graphics/graphicx.sty
Package: graphicx 2014/10/28 v1.0g Enhanced LaTeX Graphics (DPC,SPQR)

(/usr/local/texlive/2017/texmf-dist/tex/latex/graphics/graphics.sty
Package: graphics 2017/04/14 v1.1b Standard LaTeX Graphics (DPC,SPQR)

(/usr/local/texlive/2017/texmf-dist/tex/latex/graphics/trig.sty
Package: trig 2016/01/03 v1.10 sin cos tan (DPC)
)
(/usr/local/texlive/2017/texmf-dist/tex/latex/graphics-cfg/graphics.cfg
File: graphics.cfg 2016/06/04 v1.11 sample graphics configuration
)
Package graphics Info: Driver file: pdftex.def on input line 99.

(/usr/local/texlive/2017/texmf-dist/tex/latex/graphics-def/pdftex.def
File: pdftex.def 2017/01/12 v0.06k Graphics/color for pdfTeX

(/usr/local/texlive/2017/texmf-dist/tex/generic/oberdiek/infwarerr.sty
Package: infwarerr 2016/05/16 v1.4 Providing info/warning/error messages (HO)
)
(/usr/local/texlive/2017/texmf-dist/tex/generic/oberdiek/ltxcmds.sty
Package: ltxcmds 2016/05/16 v1.23 LaTeX kernel commands for general use (HO)
)
\Gread@gobject=\count90
))
\Gin@req@height=\dimen111
\Gin@req@width=\dimen112
)
(/usr/local/texlive/2017/texmf-dist/tex/latex/listings/listings.sty
\lst@mode=\count91
\lst@gtempboxa=\box26
\lst@token=\toks16
\lst@length=\count92
\lst@currlwidth=\dimen113
\lst@column=\count93
\lst@pos=\count94
\lst@lostspace=\dimen114
\lst@width=\dimen115
\lst@newlines=\count95
\lst@lineno=\count96
\lst@maxwidth=\dimen116

(/usr/local/texlive/2017/texmf-dist/tex/latex/listings/lstmisc.sty
File: lstmisc.sty 2015/06/04 1.6 (Carsten Heinz)
\c@lstnumber=\count97
\lst@skipnumbers=\count98
\lst@framebox=\box27
)
(/usr/local/texlive/2017/texmf-dist/tex/latex/listings/listings.cfg
File: listings.cfg 2015/06/04 1.6 listings configuration
))
Package: listings 2015/06/04 1.6 (Carsten Heinz)

(/usr/local/texlive/2017/texmf-dist/tex/latex/enumitem/enumitem.sty
Package: enumitem 2011/09/28 v3.5.2 Customized lists
\labelindent=\skip43
\enit@outerparindent=\dimen117
\enit@toks=\toks17
\enit@inbox=\box28
\enitdp@description=\count99
)
(/usr/local/texlive/2017/texmf-dist/tex/latex/tabu/tabu.sty
Package: tabu 2011/02/26 v2.8 - flexible LaTeX tabulars (FC)

(/usr/local/texlive/2017/texmf-dist/tex/latex/tools/array.sty
Package: array 2016/10/06 v2.4d Tabular extension package (FMi)
\col@sep=\dimen118
\extrarowheight=\dimen119
\NC@list=\toks18
\extratabsurround=\skip44
\backup@length=\skip45
)
(/usr/local/texlive/2017/texmf-dist/tex/latex/varwidth/varwidth.sty
Package: varwidth 2009/03/30 ver 0.92;  Variable-width minipages
\@vwid@box=\box29
\sift@deathcycles=\count100
\@vwid@loff=\dimen120
\@vwid@roff=\dimen121
)
\c@taburow=\count101
\tabu@nbcols=\count102
\tabu@cnt=\count103
\tabu@Xcol=\count104
\tabu@alloc=\count105
\tabu@nested=\count106
\tabu@target=\dimen122
\tabu@spreadtarget=\dimen123
\tabu@naturalX=\dimen124
\tabucolX=\dimen125
\tabu@Xsum=\dimen126
\extrarowdepth=\dimen127
\abovetabulinesep=\dimen128
\belowtabulinesep=\dimen129
\tabustrutrule=\dimen130
\tabu@thebody=\toks19
\tabu@footnotes=\toks20
\tabu@box=\box30
\tabu@arstrutbox=\box31
\tabu@hleads=\box32
\tabu@vleads=\box33
\tabu@cellskip=\skip46
)

LaTeX Warning: Unused global option(s):
    [1pt].

(./Proj_Chatterjee_Saptarshi.aux)
\openout1 = `Proj_Chatterjee_Saptarshi.aux'.

LaTeX Font Info:    Checking defaults for OML/cmm/m/it on input line 14.
LaTeX Font Info:    ... okay on input line 14.
LaTeX Font Info:    Checking defaults for T1/cmr/m/n on input line 14.
LaTeX Font Info:    ... okay on input line 14.
LaTeX Font Info:    Checking defaults for OT1/cmr/m/n on input line 14.
LaTeX Font Info:    ... okay on input line 14.
LaTeX Font Info:    Checking defaults for OMS/cmsy/m/n on input line 14.
LaTeX Font Info:    ... okay on input line 14.
LaTeX Font Info:    Checking defaults for OMX/cmex/m/n on input line 14.
LaTeX Font Info:    ... okay on input line 14.
LaTeX Font Info:    Checking defaults for U/cmr/m/n on input line 14.
LaTeX Font Info:    ... okay on input line 14.

*geometry* driver: auto-detecting
*geometry* detected driver: pdftex
*geometry* verbose mode - [ preamble ] result:
* driver: pdftex
* paper: <default>
* layout: <same size as paper>
* layoutoffset:(h,v)=(0.0pt,0.0pt)
* modes: 
* h-part:(L,W,R)=(72.26999pt, 469.75502pt, 72.26999pt)
* v-part:(T,H,B)=(72.26999pt, 650.43001pt, 72.26999pt)
* \paperwidth=614.295pt
* \paperheight=794.96999pt
* \textwidth=469.75502pt
* \textheight=650.43001pt
* \oddsidemargin=0.0pt
* \evensidemargin=0.0pt
* \topmargin=-37.0pt
* \headheight=12.0pt
* \headsep=25.0pt
* \topskip=10.0pt
* \footskip=30.0pt
* \marginparwidth=65.0pt
* \marginparsep=11.0pt
* \columnsep=10.0pt
* \skip\footins=9.0pt plus 4.0pt minus 2.0pt
* \hoffset=0.0pt
* \voffset=0.0pt
* \mag=1000
* \@twocolumnfalse
* \@twosidefalse
* \@mparswitchfalse
* \@reversemarginfalse
* (1in=72.27pt=25.4mm, 1cm=28.453pt)

(/usr/local/texlive/2017/texmf-dist/tex/context/base/mkii/supp-pdf.mkii
[Loading MPS to PDF converter (version 2006.09.02).]
\scratchcounter=\count107
\scratchdimen=\dimen131
\scratchbox=\box34
\nofMPsegments=\count108
\nofMParguments=\count109
\everyMPshowfont=\toks21
\MPscratchCnt=\count110
\MPscratchDim=\dimen132
\MPnumerator=\count111
\makeMPintoPDFobject=\count112
\everyMPtoPDFconversion=\toks22
) (/usr/local/texlive/2017/texmf-dist/tex/generic/oberdiek/pdftexcmds.sty
Package: pdftexcmds 2017/03/19 v0.25 Utility functions of pdfTeX for LuaTeX (HO
)

(/usr/local/texlive/2017/texmf-dist/tex/generic/oberdiek/ifluatex.sty
Package: ifluatex 2016/05/16 v1.4 Provides the ifluatex switch (HO)
Package ifluatex Info: LuaTeX not detected.
)
Package pdftexcmds Info: LuaTeX not detected.
Package pdftexcmds Info: \pdf@primitive is available.
Package pdftexcmds Info: \pdf@ifprimitive is available.
Package pdftexcmds Info: \pdfdraftmode found.
)
(/usr/local/texlive/2017/texmf-dist/tex/latex/oberdiek/epstopdf-base.sty
Package: epstopdf-base 2016/05/15 v2.6 Base part for package epstopdf

(/usr/local/texlive/2017/texmf-dist/tex/latex/oberdiek/grfext.sty
Package: grfext 2016/05/16 v1.2 Manage graphics extensions (HO)

(/usr/local/texlive/2017/texmf-dist/tex/generic/oberdiek/kvdefinekeys.sty
Package: kvdefinekeys 2016/05/16 v1.4 Define keys (HO)
))
(/usr/local/texlive/2017/texmf-dist/tex/latex/oberdiek/kvoptions.sty
Package: kvoptions 2016/05/16 v3.12 Key value format for package options (HO)

(/usr/local/texlive/2017/texmf-dist/tex/generic/oberdiek/kvsetkeys.sty
Package: kvsetkeys 2016/05/16 v1.17 Key value parser (HO)

(/usr/local/texlive/2017/texmf-dist/tex/generic/oberdiek/etexcmds.sty
Package: etexcmds 2016/05/16 v1.6 Avoid name clashes with e-TeX commands (HO)
Package etexcmds Info: Could not find \expanded.
(etexcmds)             That can mean that you are not using pdfTeX 1.50 or
(etexcmds)             that some package has redefined \expanded.
(etexcmds)             In the latter case, load this package earlier.
)))
Package epstopdf-base Info: Redefining graphics rule for `.eps' on input line 4
38.
Package grfext Info: Graphics extension search list:
(grfext)             [.png,.pdf,.jpg,.mps,.jpeg,.jbig2,.jb2,.PNG,.PDF,.JPG,.JPE
G,.JBIG2,.JB2,.eps]
(grfext)             \AppendGraphicsExtensions on input line 456.

(/usr/local/texlive/2017/texmf-dist/tex/latex/latexconfig/epstopdf-sys.cfg
File: epstopdf-sys.cfg 2010/07/13 v1.3 Configuration of (r)epstopdf for TeX Liv
e
))
\c@lstlisting=\count113
LaTeX Font Info:    External font `cmex10' loaded for size
(Font)              <12> on input line 15.
LaTeX Font Info:    External font `cmex10' loaded for size
(Font)              <8> on input line 15.
LaTeX Font Info:    External font `cmex10' loaded for size
(Font)              <6> on input line 15.

Underfull \hbox (badness 10000) in paragraph at lines 17--18

 []

</Users/diesel/Desktop/config1Pr.png, id=1, 772.8875pt x 366.36874pt>
File: /Users/diesel/Desktop/config1Pr.png Graphic file (type png)

<use /Users/diesel/Desktop/config1Pr.png>
Package pdftex.def Info: /Users/diesel/Desktop/config1Pr.png used on input line
 29.
(pdftex.def)             Requested size: 463.73607pt x 219.82294pt.

Underfull \hbox (badness 10000) in paragraph at lines 27--30

 []


Underfull \hbox (badness 10000) in paragraph at lines 27--30

 []

[1

{/usr/local/texlive/2017/texmf-var/fonts/map/pdftex/updmap/pdftex.map} </Users/
diesel/Desktop/config1Pr.png>]
</Users/diesel/Desktop/config1Pu.png, id=16, 772.8875pt x 180.675pt>
File: /Users/diesel/Desktop/config1Pu.png Graphic file (type png)

<use /Users/diesel/Desktop/config1Pu.png>
Package pdftex.def Info: /Users/diesel/Desktop/config1Pu.png used on input line
 34.
(pdftex.def)             Requested size: 463.73607pt x 108.40582pt.

Underfull \hbox (badness 10000) in paragraph at lines 32--35

 []


Underfull \hbox (badness 10000) in paragraph at lines 32--35

 []

</Users/diesel/Desktop/config1Aws.png, id=17, 1307.88625pt x 575.14874pt>
File: /Users/diesel/Desktop/config1Aws.png Graphic file (type png)

<use /Users/diesel/Desktop/config1Aws.png>
Package pdftex.def Info: /Users/diesel/Desktop/config1Aws.png used on input lin
e 38.
(pdftex.def)             Requested size: 392.3689pt x 172.54594pt.

Underfull \hbox (badness 10000) in paragraph at lines 36--39

 []


Underfull \hbox (badness 10000) in paragraph at lines 36--39

 []

</Users/diesel/Desktop/cpuConfig1.png, id=18, 1168.365pt x 620.3175pt>
File: /Users/diesel/Desktop/cpuConfig1.png Graphic file (type png)

<use /Users/diesel/Desktop/cpuConfig1.png>
Package pdftex.def Info: /Users/diesel/Desktop/cpuConfig1.png used on input lin
e 42.
(pdftex.def)             Requested size: 350.5122pt x 186.09668pt.

Underfull \hbox (badness 10000) in paragraph at lines 40--43

 []


Underfull \hbox (badness 10000) in paragraph at lines 40--43

 []

</Users/diesel/Desktop/switchConfig1.png, id=19, 982.67125pt x 702.625pt>
File: /Users/diesel/Desktop/switchConfig1.png Graphic file (type png)

<use /Users/diesel/Desktop/switchConfig1.png>
Package pdftex.def Info: /Users/diesel/Desktop/switchConfig1.png used on input 
line 46.
(pdftex.def)             Requested size: 491.33443pt x 351.31163pt.

Underfull \hbox (badness 10000) in paragraph at lines 44--47

 []


Overfull \hbox (21.5794pt too wide) in paragraph at lines 44--47
[] 
 []


Underfull \hbox (badness 10000) in paragraph at lines 44--47

 []

[2

 </Users/diesel/Desktop/config1Pu.png> </Users/diesel/Desktop/config1Aws.png> <
/Users/diesel/Desktop/cpuConfig1.png>]
</Users/diesel/Desktop/electricity1.png, id=26, 582.175pt x 566.115pt>
File: /Users/diesel/Desktop/electricity1.png Graphic file (type png)

<use /Users/diesel/Desktop/electricity1.png>
Package pdftex.def Info: /Users/diesel/Desktop/electricity1.png used on input l
ine 50.
(pdftex.def)             Requested size: 174.65384pt x 169.8358pt.

Underfull \hbox (badness 10000) in paragraph at lines 48--51

 []


Underfull \hbox (badness 10000) in paragraph at lines 48--51

 []


Overfull \hbox (4.14926pt too wide) in paragraph at lines 56--56
[]\OT1/cmr/bx/n/14.4 Configuration 2: Sup-port 1 mil-lion vir-tual ma-chines (V
M) where
 []

</Users/diesel/Desktop/config2Pr.png, id=27, 830.10126pt x 478.78876pt>
File: /Users/diesel/Desktop/config2Pr.png Graphic file (type png)

<use /Users/diesel/Desktop/config2Pr.png>
Package pdftex.def Info: /Users/diesel/Desktop/config2Pr.png used on input line
 63.
(pdftex.def)             Requested size: 498.0646pt x 287.27547pt.

Underfull \hbox (badness 10000) in paragraph at lines 61--64

 []


Overfull \hbox (28.30959pt too wide) in paragraph at lines 61--64
[] 
 []


Underfull \hbox (badness 10000) in paragraph at lines 61--64

 []

[3 </Users/diesel/Desktop/switchConfig1.png> </Users/diesel/Desktop/electricity
1.png>] </Users/diesel/Desktop/config2Pu.png, id=33, 828.09375pt x 204.765pt>
File: /Users/diesel/Desktop/config2Pu.png Graphic file (type png)

<use /Users/diesel/Desktop/config2Pu.png>
Package pdftex.def Info: /Users/diesel/Desktop/config2Pu.png used on input line
 67.
(pdftex.def)             Requested size: 496.86009pt x 122.85992pt.

Underfull \hbox (badness 10000) in paragraph at lines 65--68

 []


Overfull \hbox (27.10507pt too wide) in paragraph at lines 65--68
[] 
 []


Underfull \hbox (badness 10000) in paragraph at lines 65--68

 []

</Users/diesel/Desktop/config2Aws.png, id=34, 1308.89pt x 512.91624pt>
File: /Users/diesel/Desktop/config2Aws.png Graphic file (type png)

<use /Users/diesel/Desktop/config2Aws.png>
Package pdftex.def Info: /Users/diesel/Desktop/config2Aws.png used on input lin
e 71.
(pdftex.def)             Requested size: 392.67003pt x 153.87605pt.

Underfull \hbox (badness 10000) in paragraph at lines 69--72

 []


Underfull \hbox (badness 10000) in paragraph at lines 69--72

 []

[4 </Users/diesel/Desktop/config2Pr.png> </Users/diesel/Desktop/config2Pu.png>]
</Users/diesel/Desktop/cpuConfig2.png, id=40, 687.56876pt x 280.04625pt>
File: /Users/diesel/Desktop/cpuConfig2.png Graphic file (type png)

<use /Users/diesel/Desktop/cpuConfig2.png>
Package pdftex.def Info: /Users/diesel/Desktop/cpuConfig2.png used on input lin
e 75.
(pdftex.def)             Requested size: 412.54443pt x 168.02904pt.

Underfull \hbox (badness 10000) in paragraph at lines 73--76

 []


Underfull \hbox (badness 10000) in paragraph at lines 73--76

 []

</Users/diesel/Desktop/switchConfig2.png, id=41, 1083.04625pt x 698.61pt>
File: /Users/diesel/Desktop/switchConfig2.png Graphic file (type png)

<use /Users/diesel/Desktop/switchConfig2.png>
Package pdftex.def Info: /Users/diesel/Desktop/switchConfig2.png used on input 
line 79.
(pdftex.def)             Requested size: 433.21083pt x 279.43904pt.

Underfull \hbox (badness 10000) in paragraph at lines 77--80

 []


Underfull \hbox (badness 10000) in paragraph at lines 77--80

 []

[5 </Users/diesel/Desktop/config2Aws.png> </Users/diesel/Desktop/cpuConfig2.png
>]
File: /Users/diesel/Desktop/electricity1.png Graphic file (type png)
 <use /Users/diesel/Desktop/electricity1.png>
Package pdftex.def Info: /Users/diesel/Desktop/electricity1.png used on input l
ine 83.
(pdftex.def)             Requested size: 174.65384pt x 169.8358pt.

Underfull \hbox (badness 10000) in paragraph at lines 81--84

 []


Underfull \hbox (badness 10000) in paragraph at lines 81--84

 []

</Users/diesel/Desktop/config3Pr.png, id=47, 843.15pt x 446.66875pt>
File: /Users/diesel/Desktop/config3Pr.png Graphic file (type png)

<use /Users/diesel/Desktop/config3Pr.png>
Package pdftex.def Info: /Users/diesel/Desktop/config3Pr.png used on input line
 97.
(pdftex.def)             Requested size: 505.8939pt x 268.00331pt.

Underfull \hbox (badness 10000) in paragraph at lines 95--98

 []


Overfull \hbox (36.13889pt too wide) in paragraph at lines 95--98
[] 
 []


Underfull \hbox (badness 10000) in paragraph at lines 95--98

 []

[6 </Users/diesel/Desktop/switchConfig2.png>]
</Users/diesel/Desktop/config3Pu.png, id=52, 842.14626pt x 200.75pt>
File: /Users/diesel/Desktop/config3Pu.png Graphic file (type png)

<use /Users/diesel/Desktop/config3Pu.png>
Package pdftex.def Info: /Users/diesel/Desktop/config3Pu.png used on input line
 101.
(pdftex.def)             Requested size: 505.29166pt x 120.45091pt.

Underfull \hbox (badness 10000) in paragraph at lines 99--102

 []


Overfull \hbox (35.53664pt too wide) in paragraph at lines 99--102
[] 
 []


Underfull \hbox (badness 10000) in paragraph at lines 99--102

 []

[7 </Users/diesel/Desktop/config3Pr.png>]
</Users/diesel/Desktop/cpuConfig3.png, id=58, 720.6925pt x 275.0275pt>
File: /Users/diesel/Desktop/cpuConfig3.png Graphic file (type png)

<use /Users/diesel/Desktop/cpuConfig3.png>
Package pdftex.def Info: /Users/diesel/Desktop/cpuConfig3.png used on input lin
e 105.
(pdftex.def)             Requested size: 432.41884pt x 165.01776pt.

</Users/diesel/Desktop/gpu.png, id=59, 975.645pt x 765.86125pt>
File: /Users/diesel/Desktop/gpu.png Graphic file (type png)

<use /Users/diesel/Desktop/gpu.png>
Package pdftex.def Info: /Users/diesel/Desktop/gpu.png used on input line 106.
(pdftex.def)             Requested size: 292.69576pt x 229.76015pt.

Underfull \hbox (badness 10000) in paragraph at lines 103--107

 []


Underfull \hbox (badness 10000) in paragraph at lines 103--107

 []

</Users/diesel/Desktop/switchConfig3.png, id=60, 812.03375pt x 732.7375pt>
File: /Users/diesel/Desktop/switchConfig3.png Graphic file (type png)

<use /Users/diesel/Desktop/switchConfig3.png>
Package pdftex.def Info: /Users/diesel/Desktop/switchConfig3.png used on input 
line 110.
(pdftex.def)             Requested size: 324.80774pt x 293.08981pt.

Underfull \hbox (badness 10000) in paragraph at lines 108--111

 []


Underfull \hbox (badness 10000) in paragraph at lines 108--111

 []

[8 </Users/diesel/Desktop/config3Pu.png> </Users/diesel/Desktop/cpuConfig3.png>
 </Users/diesel/Desktop/gpu.png>]
</Users/diesel/Desktop/electricity3.png, id=67, 585.18625pt x 463.7325pt>
File: /Users/diesel/Desktop/electricity3.png Graphic file (type png)

<use /Users/diesel/Desktop/electricity3.png>
Package pdftex.def Info: /Users/diesel/Desktop/electricity3.png used on input l
ine 114.
(pdftex.def)             Requested size: 175.55722pt x 139.12082pt.

Underfull \hbox (badness 10000) in paragraph at lines 112--115

 []


Underfull \hbox (badness 10000) in paragraph at lines 112--115

 []

</Users/diesel/Desktop/summary.png, id=68, 806.01125pt x 258.9675pt>
File: /Users/diesel/Desktop/summary.png Graphic file (type png)

<use /Users/diesel/Desktop/summary.png>
Package pdftex.def Info: /Users/diesel/Desktop/summary.png used on input line 1
18.
(pdftex.def)             Requested size: 483.61047pt x 155.38168pt.

Overfull \hbox (13.85545pt too wide) in paragraph at lines 116--119
[] 
 []


Underfull \hbox (badness 10000) in paragraph at lines 116--119

 []

[9 </Users/diesel/Desktop/switchConfig3.png> </Users/diesel/Desktop/electricity
3.png>] [10 </Users/diesel/Desktop/summary.png>]
(./Proj_Chatterjee_Saptarshi.aux) ) 
Here is how much of TeX's memory you used:
 4292 strings out of 492995
 65032 string characters out of 6132704
 134938 words of memory out of 5000000
 7793 multiletter control sequences out of 15000+600000
 8630 words of font info for 31 fonts, out of 8000000 for 9000
 1141 hyphenation exceptions out of 8191
 39i,6n,32p,726b,224s stack positions out of 5000i,500n,10000p,200000b,80000s
</usr/local/texlive/2017/texmf-dist/fonts/ty
pe1/public/amsfonts/cm/cmbx12.pfb></usr/local/texlive/2017/texmf-dist/fonts/typ
e1/public/amsfonts/cm/cmbxti10.pfb></usr/local/texlive/2017/texmf-dist/fonts/ty
pe1/public/amsfonts/cm/cmr10.pfb></usr/local/texlive/2017/texmf-dist/fonts/type
1/public/amsfonts/cm/cmr12.pfb></usr/local/texlive/2017/texmf-dist/fonts/type1/
public/amsfonts/cm/cmr17.pfb></usr/local/texlive/2017/texmf-dist/fonts/type1/pu
blic/amsfonts/cm/cmti10.pfb></usr/local/texlive/2017/texmf-dist/fonts/type1/pub
lic/amsfonts/cm/cmtt10.pfb></usr/local/texlive/2017/texmf-dist/fonts/type1/publ
ic/amsfonts/cm/cmtt12.pfb>
Output written on Proj_Chatterjee_Saptarshi.pdf (10 pages, 2724188 bytes).
PDF statistics:
 106 PDF objects out of 1000 (max. 8388607)
 49 compressed objects within 1 object stream
 0 named destinations out of 1000 (max. 500000)
 91 words of extra memory for PDF output out of 10000 (max. 10000000)

