 Done Writing Thread-0
 Done Writing Thread-1
 Done Writing Thread-2
 Done Writing Thread-4
 Done Writing Thread-3
 Done Writing Thread-5
 Done Writing Thread-6
 Done Writing Thread-7
 Done Writing Thread-8
 Done Writing Thread-10
 Done Writing Thread-9
 Done Writing Thread-11
 Done Writing Thread-12
 Done Writing Thread-13
 Done Writing Thread-14
 Done Writing Thread-15
 Done Writing Thread-17
 Done Writing Thread-16
 Done Writing Thread-18
 Done Writing Thread-20
 Done Writing Thread-19
 Done Writing Thread-21
 Done Writing Thread-22
 Done Writing Thread-23
 Done Writing Thread-24
 Done Writing Thread-25
 Done Writing Thread-26
 Done Writing Thread-27
 Done Writing Thread-28
 Done Writing Thread-29
 Done Writing Thread-30
 Done Writing Thread-31
/tmp/op1 Started Merging /tmp/op2
/tmp/op5 Started Merging /tmp/op6
/tmp/op3 Started Merging /tmp/op4
/tmp/op7 Started Merging /tmp/op8
/tmp/op9 Started Merging /tmp/op10
/tmp/op11 Started Merging /tmp/op12
/tmp/op13 Started Merging /tmp/op14
/tmp/op15 Started Merging /tmp/op16
/tmp/op17 Started Merging /tmp/op18
/tmp/op21 Started Merging /tmp/op22
/tmp/op23 Started Merging /tmp/op24
/tmp/op25 Started Merging /tmp/op26
/tmp/op31 Started Merging /tmp/op32
/tmp/op29 Started Merging /tmp/op30
/tmp/op27 Started Merging /tmp/op28
/tmp/op19 Started Merging /tmp/op20
/tmp/op29 Done Merging /tmp/op30
/tmp/op27 Done Merging /tmp/op28
/tmp/op23 Done Merging /tmp/op24
/tmp/op31 Done Merging /tmp/op32
/tmp/op21 Done Merging /tmp/op22
/tmp/op25 Done Merging /tmp/op26
/tmp/op17 Done Merging /tmp/op18
/tmp/op19 Done Merging /tmp/op20
/tmp/op13 Done Merging /tmp/op14
/tmp/op15 Done Merging /tmp/op16
/tmp/op9 Done Merging /tmp/op10
/tmp/op7 Done Merging /tmp/op8
/tmp/op5 Done Merging /tmp/op6
/tmp/op11 Done Merging /tmp/op12
/tmp/op1 Done Merging /tmp/op2
/tmp/op3 Done Merging /tmp/op4
/tmp/op101 Started Merging /tmp/op102
/tmp/op103 Started Merging /tmp/op104
/tmp/op107 Started Merging /tmp/op108
/tmp/op105 Started Merging /tmp/op106
/tmp/op111 Started Merging /tmp/op112
/tmp/op109 Started Merging /tmp/op110
/tmp/op115 Started Merging /tmp/op116
/tmp/op113 Started Merging /tmp/op114
/tmp/op101 Done Merging /tmp/op102
/tmp/op113 Done Merging /tmp/op114
/tmp/op109 Done Merging /tmp/op110
/tmp/op105 Done Merging /tmp/op106
/tmp/op115 Done Merging /tmp/op116
/tmp/op111 Done Merging /tmp/op112
/tmp/op103 Done Merging /tmp/op104
/tmp/op107 Done Merging /tmp/op108
/tmp/op201 Started Merging /tmp/op202
/tmp/op203 Started Merging /tmp/op204
/tmp/op205 Started Merging /tmp/op206
/tmp/op209 Started Merging /tmp/op210
/tmp/op207 Started Merging /tmp/op208
java.io.FileNotFoundException: /tmp/op209 (No such file or directory)
/tmp/op205 Done Merging /tmp/op206
/tmp/op207 Done Merging /tmp/op208
/tmp/op203 Done Merging /tmp/op204
/tmp/op201 Done Merging /tmp/op202
/tmp/op301 Started Merging /tmp/op302
/tmp/op303 Started Merging /tmp/op304
/tmp/op307 Started Merging /tmp/op308
/tmp/op305 Started Merging /tmp/op306
java.io.FileNotFoundException: /tmp/op305 (No such file or directory)
java.io.FileNotFoundException: /tmp/op307 (No such file or directory)
/tmp/op301 Done Merging /tmp/op302
/tmp/op303 Done Merging /tmp/op304
/tmp/op401 Started Merging /tmp/op402
/tmp/op403 Started Merging /tmp/op404
/tmp/op405 Started Merging /tmp/op406
java.io.FileNotFoundException: /tmp/op405 (No such file or directory)
java.io.FileNotFoundException: /tmp/op403 (No such file or directory)
/tmp/op401 Done Merging /tmp/op402
1210.371054858
Time Taken in seconds:1210.371054858
Records: 200000000
Checksum: 98923e9cff98ac
Duplicate keys: 0
SUCCESS - all records are in order
