This is pdfTeX, Version 3.14159265-2.6-1.40.18 (TeX Live 2017) (preloaded format=pdflatex 2017.5.23)  28 MAR 2018 23:56
entering extended mode
 restricted \write18 enabled.
 file:line:error style messages enabled.
 %&-line parsing enabled.
**cs553-Assignment1.tex
(./cs553-Assignment1.tex
LaTeX2e <2017-04-15>
Babel <3.10> and hyphenation patterns for 84 language(s) loaded.
(/usr/local/texlive/2017/texmf-dist/tex/latex/base/article.cls
Document Class: article 2014/09/29 v1.4h Standard LaTeX document class
(/usr/local/texlive/2017/texmf-dist/tex/latex/base/size10.clo
File: size10.clo 2014/09/29 v1.4h Standard LaTeX file (size option)
)
\c@part=\count79
\c@section=\count80
\c@subsection=\count81
\c@subsubsection=\count82
\c@paragraph=\count83
\c@subparagraph=\count84
\c@figure=\count85
\c@table=\count86
\abovecaptionskip=\skip41
\belowcaptionskip=\skip42
\bibindent=\dimen102
)
(/usr/local/texlive/2017/texmf-dist/tex/latex/amsmath/amsmath.sty
Package: amsmath 2016/11/05 v2.16a AMS math features
\@mathmargin=\skip43

For additional information on amsmath, use the `?' option.
(/usr/local/texlive/2017/texmf-dist/tex/latex/amsmath/amstext.sty
Package: amstext 2000/06/29 v2.01 AMS text

(/usr/local/texlive/2017/texmf-dist/tex/latex/amsmath/amsgen.sty
File: amsgen.sty 1999/11/30 v2.0 generic functions
\@emptytoks=\toks14
\ex@=\dimen103
))
(/usr/local/texlive/2017/texmf-dist/tex/latex/amsmath/amsbsy.sty
Package: amsbsy 1999/11/29 v1.2d Bold Symbols
\pmbraise@=\dimen104
)
(/usr/local/texlive/2017/texmf-dist/tex/latex/amsmath/amsopn.sty
Package: amsopn 2016/03/08 v2.02 operator names
)
\inf@bad=\count87
LaTeX Info: Redefining \frac on input line 213.
\uproot@=\count88
\leftroot@=\count89
LaTeX Info: Redefining \overline on input line 375.
\classnum@=\count90
\DOTSCASE@=\count91
LaTeX Info: Redefining \ldots on input line 472.
LaTeX Info: Redefining \dots on input line 475.
LaTeX Info: Redefining \cdots on input line 596.
\Mathstrutbox@=\box26
\strutbox@=\box27
\big@size=\dimen105
LaTeX Font Info:    Redeclaring font encoding OML on input line 712.
LaTeX Font Info:    Redeclaring font encoding OMS on input line 713.
\macc@depth=\count92
\c@MaxMatrixCols=\count93
\dotsspace@=\muskip10
\c@parentequation=\count94
\dspbrk@lvl=\count95
\tag@help=\toks15
\row@=\count96
\column@=\count97
\maxfields@=\count98
\andhelp@=\toks16
\eqnshift@=\dimen106
\alignsep@=\dimen107
\tagshift@=\dimen108
\tagwidth@=\dimen109
\totwidth@=\dimen110
\lineht@=\dimen111
\@envbody=\toks17
\multlinegap=\skip44
\multlinetaggap=\skip45
\mathdisplay@stack=\toks18
LaTeX Info: Redefining \[ on input line 2817.
LaTeX Info: Redefining \] on input line 2818.
)
(/usr/local/texlive/2017/texmf-dist/tex/latex/amsfonts/amsfonts.sty
Package: amsfonts 2013/01/14 v3.01 Basic AMSFonts support
\symAMSa=\mathgroup4
\symAMSb=\mathgroup5
LaTeX Font Info:    Overwriting math alphabet `\mathfrak' in version `bold'
(Font)                  U/euf/m/n --> U/euf/b/n on input line 106.
)
(/usr/local/texlive/2017/texmf-dist/tex/latex/amsfonts/amssymb.sty
Package: amssymb 2013/01/14 v3.01 AMS font symbols
)
(/usr/local/texlive/2017/texmf-dist/tex/latex/listings/listings.sty
(/usr/local/texlive/2017/texmf-dist/tex/latex/graphics/keyval.sty
Package: keyval 2014/10/28 v1.15 key=value parser (DPC)
\KV@toks@=\toks19
)
\lst@mode=\count99
\lst@gtempboxa=\box28
\lst@token=\toks20
\lst@length=\count100
\lst@currlwidth=\dimen112
\lst@column=\count101
\lst@pos=\count102
\lst@lostspace=\dimen113
\lst@width=\dimen114
\lst@newlines=\count103
\lst@lineno=\count104
\lst@maxwidth=\dimen115

(/usr/local/texlive/2017/texmf-dist/tex/latex/listings/lstmisc.sty
File: lstmisc.sty 2015/06/04 1.6 (Carsten Heinz)
\c@lstnumber=\count105
\lst@skipnumbers=\count106
\lst@framebox=\box29
)
(/usr/local/texlive/2017/texmf-dist/tex/latex/listings/listings.cfg
File: listings.cfg 2015/06/04 1.6 listings configuration
))
Package: listings 2015/06/04 1.6 (Carsten Heinz)

(/usr/local/texlive/2017/texmf-dist/tex/latex/graphics/graphicx.sty
Package: graphicx 2014/10/28 v1.0g Enhanced LaTeX Graphics (DPC,SPQR)

(/usr/local/texlive/2017/texmf-dist/tex/latex/graphics/graphics.sty
Package: graphics 2017/04/14 v1.1b Standard LaTeX Graphics (DPC,SPQR)

(/usr/local/texlive/2017/texmf-dist/tex/latex/graphics/trig.sty
Package: trig 2016/01/03 v1.10 sin cos tan (DPC)
)
(/usr/local/texlive/2017/texmf-dist/tex/latex/graphics-cfg/graphics.cfg
File: graphics.cfg 2016/06/04 v1.11 sample graphics configuration
)
Package graphics Info: Driver file: pdftex.def on input line 99.

(/usr/local/texlive/2017/texmf-dist/tex/latex/graphics-def/pdftex.def
File: pdftex.def 2017/01/12 v0.06k Graphics/color for pdfTeX

(/usr/local/texlive/2017/texmf-dist/tex/generic/oberdiek/infwarerr.sty
Package: infwarerr 2016/05/16 v1.4 Providing info/warning/error messages (HO)
)
(/usr/local/texlive/2017/texmf-dist/tex/generic/oberdiek/ltxcmds.sty
Package: ltxcmds 2016/05/16 v1.23 LaTeX kernel commands for general use (HO)
)
\Gread@gobject=\count107
))
\Gin@req@height=\dimen116
\Gin@req@width=\dimen117
)

LaTeX Warning: Unused global option(s):
    [5pt].

(./cs553-Assignment1.aux)
\openout1 = `cs553-Assignment1.aux'.

LaTeX Font Info:    Checking defaults for OML/cmm/m/it on input line 12.
LaTeX Font Info:    ... okay on input line 12.
LaTeX Font Info:    Checking defaults for T1/cmr/m/n on input line 12.
LaTeX Font Info:    ... okay on input line 12.
LaTeX Font Info:    Checking defaults for OT1/cmr/m/n on input line 12.
LaTeX Font Info:    ... okay on input line 12.
LaTeX Font Info:    Checking defaults for OMS/cmsy/m/n on input line 12.
LaTeX Font Info:    ... okay on input line 12.
LaTeX Font Info:    Checking defaults for OMX/cmex/m/n on input line 12.
LaTeX Font Info:    ... okay on input line 12.
LaTeX Font Info:    Checking defaults for U/cmr/m/n on input line 12.
LaTeX Font Info:    ... okay on input line 12.
\c@lstlisting=\count108

(/usr/local/texlive/2017/texmf-dist/tex/context/base/mkii/supp-pdf.mkii
[Loading MPS to PDF converter (version 2006.09.02).]
\scratchcounter=\count109
\scratchdimen=\dimen118
\scratchbox=\box30
\nofMPsegments=\count110
\nofMParguments=\count111
\everyMPshowfont=\toks21
\MPscratchCnt=\count112
\MPscratchDim=\dimen119
\MPnumerator=\count113
\makeMPintoPDFobject=\count114
\everyMPtoPDFconversion=\toks22
) (/usr/local/texlive/2017/texmf-dist/tex/generic/oberdiek/pdftexcmds.sty
Package: pdftexcmds 2017/03/19 v0.25 Utility functions of pdfTeX for LuaTeX (HO
)

(/usr/local/texlive/2017/texmf-dist/tex/generic/oberdiek/ifluatex.sty
Package: ifluatex 2016/05/16 v1.4 Provides the ifluatex switch (HO)
Package ifluatex Info: LuaTeX not detected.
)
(/usr/local/texlive/2017/texmf-dist/tex/generic/oberdiek/ifpdf.sty
Package: ifpdf 2017/03/15 v3.2 Provides the ifpdf switch
)
Package pdftexcmds Info: LuaTeX not detected.
Package pdftexcmds Info: \pdf@primitive is available.
Package pdftexcmds Info: \pdf@ifprimitive is available.
Package pdftexcmds Info: \pdfdraftmode found.
)
(/usr/local/texlive/2017/texmf-dist/tex/latex/oberdiek/epstopdf-base.sty
Package: epstopdf-base 2016/05/15 v2.6 Base part for package epstopdf

(/usr/local/texlive/2017/texmf-dist/tex/latex/oberdiek/grfext.sty
Package: grfext 2016/05/16 v1.2 Manage graphics extensions (HO)

(/usr/local/texlive/2017/texmf-dist/tex/generic/oberdiek/kvdefinekeys.sty
Package: kvdefinekeys 2016/05/16 v1.4 Define keys (HO)
))
(/usr/local/texlive/2017/texmf-dist/tex/latex/oberdiek/kvoptions.sty
Package: kvoptions 2016/05/16 v3.12 Key value format for package options (HO)

(/usr/local/texlive/2017/texmf-dist/tex/generic/oberdiek/kvsetkeys.sty
Package: kvsetkeys 2016/05/16 v1.17 Key value parser (HO)

(/usr/local/texlive/2017/texmf-dist/tex/generic/oberdiek/etexcmds.sty
Package: etexcmds 2016/05/16 v1.6 Avoid name clashes with e-TeX commands (HO)
Package etexcmds Info: Could not find \expanded.
(etexcmds)             That can mean that you are not using pdfTeX 1.50 or
(etexcmds)             that some package has redefined \expanded.
(etexcmds)             In the latter case, load this package earlier.
)))
Package epstopdf-base Info: Redefining graphics rule for `.eps' on input line 4
38.
Package grfext Info: Graphics extension search list:
(grfext)             [.png,.pdf,.jpg,.mps,.jpeg,.jbig2,.jb2,.PNG,.PDF,.JPG,.JPE
G,.JBIG2,.JB2,.eps]
(grfext)             \AppendGraphicsExtensions on input line 456.

(/usr/local/texlive/2017/texmf-dist/tex/latex/latexconfig/epstopdf-sys.cfg
File: epstopdf-sys.cfg 2010/07/13 v1.3 Configuration of (r)epstopdf for TeX Liv
e
))
LaTeX Font Info:    Try loading font information for U+msa on input line 13.

(/usr/local/texlive/2017/texmf-dist/tex/latex/amsfonts/umsa.fd
File: umsa.fd 2013/01/14 v3.01 AMS symbols A
)
LaTeX Font Info:    Try loading font information for U+msb on input line 13.

(/usr/local/texlive/2017/texmf-dist/tex/latex/amsfonts/umsb.fd
File: umsb.fd 2013/01/14 v3.01 AMS symbols B
)
LaTeX Font Info:    Try loading font information for OMS+cmr on input line 18.

(/usr/local/texlive/2017/texmf-dist/tex/latex/base/omscmr.fd
File: omscmr.fd 2014/09/29 v2.5h Standard LaTeX font definitions
)
LaTeX Font Info:    Font shape `OMS/cmr/m/n' in size <10> not available
(Font)              Font shape `OMS/cmsy/m/n' tried instead on input line 18.

Overfull \hbox (84.58295pt too wide) in paragraph at lines 19--22
[]\OT1/cmr/bx/n/10 Promethus \OT1/cmr/m/n/10 Disk- is Mi-cron 5100 PRO 2.5"480G
B,SATA,6Gb/s,3D NAND,7mm,1.5DWPD2,
 []


Overfull \hbox (91.15466pt too wide) in paragraph at lines 34--34
[] 
 []

</Users/diesel/Desktop/cpuspec.png, id=1, 647.41875pt x 388.45125pt>
File: /Users/diesel/Desktop/cpuspec.png Graphic file (type png)

<use /Users/diesel/Desktop/cpuspec.png>
Package pdftex.def Info: /Users/diesel/Desktop/cpuspec.png used on input line 3
6.
(pdftex.def)             Requested size: 161.85428pt x 97.11256pt.

Underfull \hbox (badness 10000) in paragraph at lines 34--37

 []

[1

{/usr/local/texlive/2017/texmf-var/fonts/map/pdftex/updmap/pdftex.map}]
</Users/diesel/Desktop/linpack.png, id=16, 954.56625pt x 532.99126pt>
File: /Users/diesel/Desktop/linpack.png Graphic file (type png)

<use /Users/diesel/Desktop/linpack.png>
Package pdftex.def Info: /Users/diesel/Desktop/linpack.png used on input line 3
9.
(pdftex.def)             Requested size: 286.37209pt x 159.8986pt.

Underfull \hbox (badness 10000) in paragraph at lines 38--40

 []

</Users/diesel/Desktop/cpurep.png, id=17, 684.5575pt x 241.90375pt>
File: /Users/diesel/Desktop/cpurep.png Graphic file (type png)

<use /Users/diesel/Desktop/cpurep.png>
Package pdftex.def Info: /Users/diesel/Desktop/cpurep.png used on input line 42
.
(pdftex.def)             Requested size: 342.27791pt x 120.95157pt.

Underfull \hbox (badness 10000) in paragraph at lines 41--43

 []


Underfull \hbox (badness 10000) in paragraph at lines 44--45

 []

[2 </Users/diesel/Desktop/cpuspec.png> </Users/diesel/Desktop/linpack.png> </Us
ers/diesel/Desktop/cpurep.png>]
Overfull \hbox (64.77829pt too wide) in paragraph at lines 62--62
[] 
 []

</Users/diesel/Desktop/memory.png, id=24, 1360.08125pt x 384.43625pt>
File: /Users/diesel/Desktop/memory.png Graphic file (type png)

<use /Users/diesel/Desktop/memory.png>
Package pdftex.def Info: /Users/diesel/Desktop/memory.png used on input line 65
.
(pdftex.def)             Requested size: 408.02753pt x 115.33176pt.

Overfull \hbox (63.02753pt too wide) in paragraph at lines 64--66
[] 
 []


Underfull \hbox (badness 10000) in paragraph at lines 64--66

 []

</Users/diesel/Desktop/pmbw.png, id=25, 1281.78876pt x 665.48625pt>
File: /Users/diesel/Desktop/pmbw.png Graphic file (type png)

<use /Users/diesel/Desktop/pmbw.png>
Package pdftex.def Info: /Users/diesel/Desktop/pmbw.png used on input line 68.
(pdftex.def)             Requested size: 256.35321pt x 133.09488pt.
 [3 </Users/diesel/Desktop/memory.png>]
</Users/diesel/Desktop/memoryop.png, id=30, 835.12pt x 425.59pt>
File: /Users/diesel/Desktop/memoryop.png Graphic file (type png)

<use /Users/diesel/Desktop/memoryop.png>
Package pdftex.def Info: /Users/diesel/Desktop/memoryop.png used on input line 
76.
(pdftex.def)             Requested size: 283.93704pt x 144.69867pt.

Underfull \hbox (badness 10000) in paragraph at lines 75--77

 []

</Users/diesel/Desktop/memlatency.png, id=31, 832.10875pt x 147.55125pt>
File: /Users/diesel/Desktop/memlatency.png Graphic file (type png)

<use /Users/diesel/Desktop/memlatency.png>
Package pdftex.def Info: /Users/diesel/Desktop/memlatency.png used on input lin
e 79.
(pdftex.def)             Requested size: 249.63455pt x 44.2657pt.

Underfull \hbox (badness 10000) in paragraph at lines 78--80

 []


Underfull \hbox (badness 10000) in paragraph at lines 81--82

 []

[4 </Users/diesel/Desktop/pmbw.png> </Users/diesel/Desktop/memoryop.png> </User
s/diesel/Desktop/memlatency.png>]
Underfull \hbox (badness 10000) in paragraph at lines 95--97

 []

</Users/diesel/Desktop/iozone.png, id=41, 894.34125pt x 453.695pt>
File: /Users/diesel/Desktop/iozone.png Graphic file (type png)

<use /Users/diesel/Desktop/iozone.png>
Package pdftex.def Info: /Users/diesel/Desktop/iozone.png used on input line 98
.
(pdftex.def)             Requested size: 178.86508pt x 90.73738pt.

</Users/diesel/Desktop/diskrun.png, id=42, 1209.51875pt x 110.4125pt>
File: /Users/diesel/Desktop/diskrun.png Graphic file (type png)

<use /Users/diesel/Desktop/diskrun.png>
Package pdftex.def Info: /Users/diesel/Desktop/diskrun.png used on input line 1
02.
(pdftex.def)             Requested size: 241.89946pt x 22.08209pt.

Underfull \hbox (badness 10000) in paragraph at lines 101--103

 []

</Users/diesel/Desktop/disktable.png, id=43, 819.06pt x 730.73pt>
File: /Users/diesel/Desktop/disktable.png Graphic file (type png)

<use /Users/diesel/Desktop/disktable.png>
Package pdftex.def Info: /Users/diesel/Desktop/disktable.png used on input line
 106.
(pdftex.def)             Requested size: 327.6182pt x 292.28682pt.

Underfull \hbox (badness 10000) in paragraph at lines 105--107

 []

[5 </Users/diesel/Desktop/iozone.png> </Users/diesel/Desktop/diskrun.png>]
Underfull \hbox (badness 10000) in paragraph at lines 109--110

 []


Underfull \hbox (badness 10000) in paragraph at lines 124--125

 []

[6 </Users/diesel/Desktop/disktable.png>]
Underfull \hbox (badness 10000) in paragraph at lines 130--132

 []


Underfull \hbox (badness 10000) in paragraph at lines 130--132

 []


</Users/diesel/Desktop/udp-32k-1thread1693.png, id=53, 1220.56pt x 242.9075pt>
File: /Users/diesel/Desktop/udp-32k-1thread1693.png Graphic file (type png)

<use /Users/diesel/Desktop/udp-32k-1thread1693.png>
Package pdftex.def Info: /Users/diesel/Desktop/udp-32k-1thread1693.png used on 
input line 134.
(pdftex.def)             Requested size: 366.17082pt x 72.8728pt.

</Users/diesel/Desktop/tcp-32k-1thrd-3951.png, id=54, 1170.3725pt x 159.59625pt
>
File: /Users/diesel/Desktop/tcp-32k-1thrd-3951.png Graphic file (type png)
 <use /Users/diesel/Desktop/tcp-32k-1thrd-3951.png>
Package pdftex.def Info: /Users/diesel/Desktop/tcp-32k-1thrd-3951.png used on i
nput line 136.
(pdftex.def)             Requested size: 351.11446pt x 47.87923pt.

</Users/diesel/Desktop/RunningTCPwith1000KB.png, id=55, 1430.34375pt x 473.77pt
>
File: /Users/diesel/Desktop/RunningTCPwith1000KB.png Graphic file (type png)
 <use /Users/diesel/Desktop/RunningTCPwith1000KB.png>
Package pdftex.def Info: /Users/diesel/Desktop/RunningTCPwith1000KB.png used on
 input line 139.
(pdftex.def)             Requested size: 343.28952pt x 113.70712pt.

Overfull \hbox (21.17082pt too wide) in paragraph at lines 133--140
[] 
 []


Overfull \hbox (6.11446pt too wide) in paragraph at lines 133--140
[]
 []


Underfull \hbox (badness 10000) in paragraph at lines 133--140

 []

</Users/diesel/Desktop/net.png, id=56, 1652.1725pt x 762.85pt>
File: /Users/diesel/Desktop/net.png Graphic file (type png)

<use /Users/diesel/Desktop/net.png>
Package pdftex.def Info: /Users/diesel/Desktop/net.png used on input line 142.
(pdftex.def)             Requested size: 396.5295pt x 183.08774pt.

Overfull \hbox (51.5295pt too wide) in paragraph at lines 141--143
[] 
 []


Underfull \hbox (badness 10000) in paragraph at lines 141--143

 []

[7 </Users/diesel/Desktop/udp-32k-1thread1693.png> </Users/diesel/Desktop/tcp-3
2k-1thrd-3951.png> </Users/diesel/Desktop/RunningTCPwith1000KB.png>]
Underfull \hbox (badness 10000) in paragraph at lines 145--146

 []


Underfull \hbox (badness 10000) in paragraph at lines 153--154

 []


Underfull \hbox (badness 10000) in paragraph at lines 155--156

 []


Underfull \hbox (badness 10000) in paragraph at lines 157--158

 []

</Users/diesel/Desktop/pingrun.png, id=64, 1342.01375pt x 456.70625pt>
File: /Users/diesel/Desktop/pingrun.png Graphic file (type png)

<use /Users/diesel/Desktop/pingrun.png>
Package pdftex.def Info: /Users/diesel/Desktop/pingrun.png used on input line 1
60.
(pdftex.def)             Requested size: 456.27864pt x 155.27806pt.

Overfull \hbox (111.27864pt too wide) in paragraph at lines 159--161
[] 
 []


Underfull \hbox (badness 10000) in paragraph at lines 159--161

 []

[8 </Users/diesel/Desktop/net.png>]
</Users/diesel/Desktop/ping.png, id=68, 874.26625pt x 214.8025pt>
File: /Users/diesel/Desktop/ping.png Graphic file (type png)

<use /Users/diesel/Desktop/ping.png>
Package pdftex.def Info: /Users/diesel/Desktop/ping.png used on input line 164.

(pdftex.def)             Requested size: 349.7003pt x 85.91946pt.

Overfull \hbox (4.7003pt too wide) in paragraph at lines 163--165
[] 
 []


Underfull \hbox (badness 10000) in paragraph at lines 163--165

 []

[9 </Users/diesel/Desktop/pingrun.png> </Users/diesel/Desktop/ping.png>]
[10

] (./cs553-Assignment1.aux) ) 
Here is how much of TeX's memory you used:
 3682 strings out of 492995
 52499 string characters out of 6132704
 113626 words of memory out of 5000000
 7173 multiletter control sequences out of 15000+600000
 11533 words of font info for 46 fonts, out of 8000000 for 9000
 1141 hyphenation exceptions out of 8191
 39i,11n,32p,430b,238s stack positions out of 5000i,500n,10000p,200000b,80000s
</usr/local/texlive/2017/texmf-dist/fonts/type1/pu
blic/amsfonts/cm/cmbx10.pfb></usr/local/texlive/2017/texmf-dist/fonts/type1/pub
lic/amsfonts/cm/cmbx12.pfb></usr/local/texlive/2017/texmf-dist/fonts/type1/publ
ic/amsfonts/cm/cmmi10.pfb></usr/local/texlive/2017/texmf-dist/fonts/type1/publi
c/amsfonts/cm/cmmi7.pfb></usr/local/texlive/2017/texmf-dist/fonts/type1/public/
amsfonts/cm/cmr10.pfb></usr/local/texlive/2017/texmf-dist/fonts/type1/public/am
sfonts/cm/cmr12.pfb></usr/local/texlive/2017/texmf-dist/fonts/type1/public/amsf
onts/cm/cmr17.pfb></usr/local/texlive/2017/texmf-dist/fonts/type1/public/amsfon
ts/cm/cmr7.pfb></usr/local/texlive/2017/texmf-dist/fonts/type1/public/amsfonts/
cm/cmsy10.pfb></usr/local/texlive/2017/texmf-dist/fonts/type1/public/amsfonts/c
m/cmsy7.pfb></usr/local/texlive/2017/texmf-dist/fonts/type1/public/amsfonts/cm/
cmtt12.pfb>
Output written on cs553-Assignment1.pdf (10 pages, 3827276 bytes).
PDF statistics:
 113 PDF objects out of 1000 (max. 8388607)
 58 compressed objects within 1 object stream
 0 named destinations out of 1000 (max. 500000)
 81 words of extra memory for PDF output out of 10000 (max. 10000000)

